<?xml version="1.0" encoding="UTF-8"?>
<!-- Generated by org.testng.reporters.JUnitXMLReporter -->
<testsuite ignored="0" hostname="DESKTOP-U3L816A" failures="1" tests="1" name="Error Revalidation Test" time="10.019" errors="0" timestamp="12 Sep 2023 19:28:28 GMT">
  <testcase classname="TestCasePackage.ErrorRevalidationTest" name="loginErrorRevalidation" time="5.766">
    <failure type="java.lang.AssertionError" message="expected [Incorrect email or password.] but found [Incorrect email or password.111111111]">
      <![CDATA[java.lang.AssertionError: expected [Incorrect email or password.] but found [Incorrect email or password.111111111]
	at TestCasePackage.ErrorRevalidationTest.loginErrorRevalidation(ErrorRevalidationTest.java:44)
... Removed 31 stack frames]]>
    </failure>
  </testcase> <!-- loginErrorRevalidation -->
</testsuite> <!-- Error Revalidation Test -->
