<?xml version="1.0" encoding="UTF-8"?>
<!-- Generated by org.testng.reporters.JUnitXMLReporter -->
<testsuite ignored="0" hostname="DESKTOP-U3L816A" failures="2" tests="5" name="Submit Order Test" time="46.552" errors="0" timestamp="13 Sep 2023 08:24:06 GMT">
  <testcase classname="TestCasePackage.ErrorRevalidationTest" name="loginErrorRevalidation" time="5.648">
    <failure type="java.lang.AssertionError" message="expected [Incorrect email or password.] but found [Incorrect email or password.111111111]">
      <![CDATA[java.lang.AssertionError: expected [Incorrect email or password.] but found [Incorrect email or password.111111111]
	at TestCasePackage.ErrorRevalidationTest.loginErrorRevalidation(ErrorRevalidationTest.java:46)
	at java.base/java.util.concurrent.ThreadPoolExecutor.runWorker(ThreadPoolExecutor.java:1136)
	at java.base/java.util.concurrent.ThreadPoolExecutor$Worker.run(ThreadPoolExecutor.java:635)
	at java.base/java.lang.Thread.run(Thread.java:833)
... Removed 16 stack frames]]>
    </failure>
  </testcase> <!-- loginErrorRevalidation -->
  <testcase classname="TestCasePackage.LoginFunctionError" name="loginErrorRevalidation" time="4.341"/>
  <testcase classname="TestCasePackage.SubmitOrderTest" name="SubmitOrder" time="20.77"/>
  <testcase classname="TestCasePackage.Test1" name="loginErrorRevalidation1" time="7.809">
    <failure type="java.lang.AssertionError" message="expected [Incorrect email or password.] but found [Incorrect email or password.111111111]">
      <![CDATA[java.lang.AssertionError: expected [Incorrect email or password.] but found [Incorrect email or password.111111111]
	at TestCasePackage.Test1.loginErrorRevalidation1(Test1.java:49)
	at java.base/java.util.concurrent.ThreadPoolExecutor.runWorker(ThreadPoolExecutor.java:1136)
	at java.base/java.util.concurrent.ThreadPoolExecutor$Worker.run(ThreadPoolExecutor.java:635)
	at java.base/java.lang.Thread.run(Thread.java:833)
... Removed 16 stack frames]]>
    </failure>
  </testcase> <!-- loginErrorRevalidation1 -->
  <testcase classname="TestCasePackage.SubmitOrderTest" name="SubmitOrder" time="14.287"/>
</testsuite> <!-- Submit Order Test -->
